{"C:\\Users\\prisc\\JavaScriptTraining\\src\\services\\OpenAIService.ts": {"path":"C:\\Users\\prisc\\JavaScriptTraining\\src\\services\\OpenAIService.ts","statementMap":{"0":{"start":{"line":1,"column":0},"end":{"line":1,"column":26}},"1":{"start":{"line":8,"column":4},"end":{"line":8,"column":51}},"2":{"start":{"line":12,"column":4},"end":{"line":31,"column":5}},"3":{"start":{"line":13,"column":23},"end":{"line":24,"column":null}},"4":{"start":{"line":27,"column":19},"end":{"line":27,"column":32}},"5":{"start":{"line":28,"column":6},"end":{"line":28,"column":41}},"6":{"start":{"line":30,"column":6},"end":{"line":30,"column":62}},"7":{"start":{"line":4,"column":0},"end":{"line":4,"column":13}}},"fnMap":{"0":{"name":"(anonymous_8)","decl":{"start":{"line":7,"column":2},"end":{"line":7,"column":null}},"loc":{"start":{"line":7,"column":2},"end":{"line":9,"column":3}}},"1":{"name":"(anonymous_9)","decl":{"start":{"line":11,"column":15},"end":{"line":11,"column":28}},"loc":{"start":{"line":11,"column":43},"end":{"line":32,"column":null}}}},"branchMap":{"0":{"loc":{"start":{"line":8,"column":18},"end":{"line":8,"column":50}},"type":"binary-expr","locations":[{"start":{"line":8,"column":18},"end":{"line":8,"column":44}},{"start":{"line":8,"column":48},"end":{"line":8,"column":50}}]}},"s":{"0":1,"1":2,"2":2,"3":2,"4":1,"5":1,"6":1,"7":1},"f":{"0":2,"1":2},"b":{"0":[2,2]}}
,"C:\\Users\\prisc\\JavaScriptTraining\\src\\services\\WeatherService.ts": {"path":"C:\\Users\\prisc\\JavaScriptTraining\\src\\services\\WeatherService.ts","statementMap":{"0":{"start":{"line":1,"column":0},"end":{"line":1,"column":26}},"1":{"start":{"line":8,"column":4},"end":{"line":8,"column":56}},"2":{"start":{"line":12,"column":4},"end":{"line":32,"column":5}},"3":{"start":{"line":13,"column":23},"end":{"line":19,"column":8}},"4":{"start":{"line":22,"column":6},"end":{"line":22,"column":58}},"5":{"start":{"line":24,"column":19},"end":{"line":24,"column":32}},"6":{"start":{"line":25,"column":6},"end":{"line":28,"column":8}},"7":{"start":{"line":30,"column":6},"end":{"line":30,"column":59}},"8":{"start":{"line":31,"column":6},"end":{"line":31,"column":54}},"9":{"start":{"line":4,"column":0},"end":{"line":4,"column":13}}},"fnMap":{"0":{"name":"(anonymous_8)","decl":{"start":{"line":7,"column":2},"end":{"line":7,"column":null}},"loc":{"start":{"line":7,"column":2},"end":{"line":9,"column":3}}},"1":{"name":"(anonymous_9)","decl":{"start":{"line":11,"column":15},"end":{"line":11,"column":25}},"loc":{"start":{"line":11,"column":38},"end":{"line":33,"column":null}}}},"branchMap":{"0":{"loc":{"start":{"line":8,"column":18},"end":{"line":8,"column":55}},"type":"binary-expr","locations":[{"start":{"line":8,"column":18},"end":{"line":8,"column":49}},{"start":{"line":8,"column":53},"end":{"line":8,"column":55}}]}},"s":{"0":1,"1":2,"2":2,"3":2,"4":1,"5":1,"6":1,"7":1,"8":1,"9":1},"f":{"0":2,"1":2},"b":{"0":[2,2]}}
}
