TN:
SF:src\services\OpenAIService.ts
FN:7,(anonymous_8)
FN:11,(anonymous_9)
FNF:2
FNH:2
FNDA:2,(anonymous_8)
FNDA:2,(anonymous_9)
DA:1,1
DA:4,1
DA:8,2
DA:12,2
DA:13,2
DA:27,1
DA:28,1
DA:30,1
LF:8
LH:8
BRDA:8,0,0,2
BRDA:8,0,1,2
BRF:2
BRH:2
end_of_record
TN:
SF:src\services\WeatherService.ts
FN:7,(anonymous_8)
FN:11,(anonymous_9)
FNF:2
FNH:2
FNDA:2,(anonymous_8)
FNDA:2,(anonymous_9)
DA:1,1
DA:4,1
DA:8,2
DA:12,2
DA:13,2
DA:22,1
DA:24,1
DA:25,1
DA:30,1
DA:31,1
LF:10
LH:10
BRDA:8,0,0,2
BRDA:8,0,1,2
BRF:2
BRH:2
end_of_record
